<?xml version="1.0" encoding="UTF-8"?>
<!-- Generated by org.testng.reporters.JUnitReportReporter -->
<testsuite hostname="Hariom" failures="0" tests="1" name="relatedtosepdefintion.Runner" time="4.157" errors="0" timestamp="2024-04-05T12:44:55 IST" skipped="0">
  <testcase classname="relatedtosepdefintion.Runner" name="runScenario" time="4.157"/>
  <system-out/>
</testsuite> <!-- relatedtosepdefintion.Runner -->
